# JRE version: OpenJDK Runtime Environment Temurin-11.0.14.1+1 (11.0.14.1+1) (build 11.0.14.1+1)
# Java VM: OpenJDK 64-Bit Server VM Temurin-11.0.14.1+1 (11.0.14.1+1, mixed mode, tiered, compressed oops, g1 gc, windows-amd64)
Heap:
 garbage-first heap   total 155648K, used 31818K [0x0000000083a00000, 0x0000000100000000)
  region size 1024K, 5 young (5120K), 5 survivors (5120K)
 Metaspace       used 43745K, capacity 45469K, committed 45568K, reserved 1089536K
  class space    used 5624K, capacity 6350K, committed 6400K, reserved 1048576K
GC Heap History (9 events):
Event: 0.523 GC heap before
{Heap before GC invocations=0 (full 0):
 garbage-first heap   total 129024K, used 24576K [0x0000000083a00000, 0x0000000100000000)
  region size 1024K, 24 young (24576K), 0 survivors (0K)
 Metaspace       used 14301K, capacity 14724K, committed 14848K, reserved 1062912K
  class space    used 1593K, capacity 1775K, committed 1792K, reserved 1048576K
}
Event: 0.526 GC heap after
{Heap after GC invocations=1 (full 0):
 garbage-first heap   total 129024K, used 5404K [0x0000000083a00000, 0x0000000100000000)
  region size 1024K, 3 young (3072K), 3 survivors (3072K)
 Metaspace       used 14301K, capacity 14724K, committed 14848K, reserved 1062912K
  class space    used 1593K, capacity 1775K, committed 1792K, reserved 1048576K
}
Event: 0.953 GC heap before
{Heap before GC invocations=1 (full 0):
 garbage-first heap   total 129024K, used 21788K [0x0000000083a00000, 0x0000000100000000)
  region size 1024K, 20 young (20480K), 3 survivors (3072K)
 Metaspace       used 20527K, capacity 21189K, committed 21248K, reserved 1067008K
  class space    used 2485K, capacity 2797K, committed 2816K, reserved 1048576K
}
Event: 0.957 GC heap after
{Heap after GC invocations=2 (full 0):
 garbage-first heap   total 129024K, used 8427K [0x0000000083a00000, 0x0000000100000000)
  region size 1024K, 3 young (3072K), 3 survivors (3072K)
 Metaspace       used 20527K, capacity 21189K, committed 21248K, reserved 1067008K
  class space    used 2485K, capacity 2797K, committed 2816K, reserved 1048576K
}
Event: 1.740 GC heap before
{Heap before GC invocations=3 (full 0):
 garbage-first heap   total 129024K, used 45291K [0x0000000083a00000, 0x0000000100000000)
  region size 1024K, 41 young (41984K), 3 survivors (3072K)
 Metaspace       used 34537K, capacity 35708K, committed 35840K, reserved 1081344K
  class space    used 4361K, capacity 4863K, committed 4864K, reserved 1048576K
}
Event: 1.747 GC heap after
{Heap after GC invocations=4 (full 0):
 garbage-first heap   total 129024K, used 13883K [0x0000000083a00000, 0x0000000100000000)
  region size 1024K, 7 young (7168K), 7 survivors (7168K)
 Metaspace       used 34537K, capacity 35708K, committed 35840K, reserved 1081344K
  class space    used 4361K, capacity 4863K, committed 4864K, reserved 1048576K
}
Event: 2.649 GC heap before
{Heap before GC invocations=5 (full 0):
 garbage-first heap   total 129024K, used 67131K [0x0000000083a00000, 0x0000000100000000)
  region size 1024K, 55 young (56320K), 7 survivors (7168K)
 Metaspace       used 43350K, capacity 45114K, committed 45312K, reserved 1087488K
  class space    used 5593K, capacity 6317K, committed 6400K, reserved 1048576K
}
Event: 2.657 GC heap after
{Heap after GC invocations=6 (full 0):
 garbage-first heap   total 129024K, used 26912K [0x0000000083a00000, 0x0000000100000000)
  region size 1024K, 7 young (7168K), 7 survivors (7168K)
 Metaspace       used 43350K, capacity 45114K, committed 45312K, reserved 1087488K
  class space    used 5593K, capacity 6317K, committed 6400K, reserved 1048576K
}
Event: 3.024 GC heap before
{Heap before GC invocations=6 (full 0):
 garbage-first heap   total 129024K, used 76064K [0x0000000083a00000, 0x0000000100000000)
  region size 1024K, 56 young (57344K), 7 survivors (7168K)
 Metaspace       used 43745K, capacity 45469K, committed 45568K, reserved 1089536K
  class space    used 5624K, capacity 6350K, committed 6400K, reserved 1048576K
}

