# JRE version: OpenJDK Runtime Environment Temurin-11.0.14.1+1 (11.0.14.1+1) (build 11.0.14.1+1)
# Java VM: OpenJDK 64-Bit Server VM Temurin-11.0.14.1+1 (11.0.14.1+1, mixed mode, tiered, compressed oops, g1 gc, windows-amd64)
Heap:
 garbage-first heap   total 129024K, used 55252K [0x0000000083a00000, 0x0000000100000000)
  region size 1024K, 45 young (46080K), 7 survivors (7168K)
 Metaspace       used 40087K, capacity 41820K, committed 42112K, reserved 1085440K
  class space    used 5196K, capacity 5924K, committed 6016K, reserved 1048576K
GC Heap History (8 events):
Event: 0.539 GC heap before
{Heap before GC invocations=0 (full 0):
 garbage-first heap   total 129024K, used 24576K [0x0000000083a00000, 0x0000000100000000)
  region size 1024K, 24 young (24576K), 0 survivors (0K)
 Metaspace       used 14292K, capacity 14692K, committed 14848K, reserved 1062912K
  class space    used 1586K, capacity 1743K, committed 1792K, reserved 1048576K
}
Event: 0.543 GC heap after
{Heap after GC invocations=1 (full 0):
 garbage-first heap   total 129024K, used 5405K [0x0000000083a00000, 0x0000000100000000)
  region size 1024K, 3 young (3072K), 3 survivors (3072K)
 Metaspace       used 14292K, capacity 14692K, committed 14848K, reserved 1062912K
  class space    used 1586K, capacity 1743K, committed 1792K, reserved 1048576K
}
Event: 0.800 GC heap before
{Heap before GC invocations=1 (full 0):
 garbage-first heap   total 129024K, used 17693K [0x0000000083a00000, 0x0000000100000000)
  region size 1024K, 15 young (15360K), 3 survivors (3072K)
 Metaspace       used 19716K, capacity 20306K, committed 20608K, reserved 1067008K
  class space    used 2364K, capacity 2606K, committed 2688K, reserved 1048576K
}
Event: 0.803 GC heap after
{Heap after GC invocations=2 (full 0):
 garbage-first heap   total 129024K, used 7508K [0x0000000083a00000, 0x0000000100000000)
  region size 1024K, 2 young (2048K), 2 survivors (2048K)
 Metaspace       used 19716K, capacity 20306K, committed 20608K, reserved 1067008K
  class space    used 2364K, capacity 2606K, committed 2688K, reserved 1048576K
}
Event: 0.839 GC heap before
{Heap before GC invocations=2 (full 0):
 garbage-first heap   total 129024K, used 11604K [0x0000000083a00000, 0x0000000100000000)
  region size 1024K, 7 young (7168K), 2 survivors (2048K)
 Metaspace       used 20412K, capacity 21171K, committed 21248K, reserved 1067008K
  class space    used 2471K, capacity 2768K, committed 2816K, reserved 1048576K
}
Event: 0.841 GC heap after
{Heap after GC invocations=3 (full 0):
 garbage-first heap   total 129024K, used 8455K [0x0000000083a00000, 0x0000000100000000)
  region size 1024K, 3 young (3072K), 3 survivors (3072K)
 Metaspace       used 20412K, capacity 21171K, committed 21248K, reserved 1067008K
  class space    used 2471K, capacity 2768K, committed 2816K, reserved 1048576K
}
Event: 1.715 GC heap before
{Heap before GC invocations=4 (full 0):
 garbage-first heap   total 129024K, used 47367K [0x0000000083a00000, 0x0000000100000000)
  region size 1024K, 43 young (44032K), 3 survivors (3072K)
 Metaspace       used 34402K, capacity 35699K, committed 35840K, reserved 1079296K
  class space    used 4459K, capacity 5009K, committed 5120K, reserved 1048576K
}
Event: 1.723 GC heap after
{Heap after GC invocations=5 (full 0):
 garbage-first heap   total 129024K, used 14292K [0x0000000083a00000, 0x0000000100000000)
  region size 1024K, 7 young (7168K), 7 survivors (7168K)
 Metaspace       used 34402K, capacity 35699K, committed 35840K, reserved 1079296K
  class space    used 4459K, capacity 5009K, committed 5120K, reserved 1048576K
}

