# JRE version: OpenJDK Runtime Environment Temurin-11.0.14.1+1 (11.0.14.1+1) (build 11.0.14.1+1)
# Java VM: OpenJDK 64-Bit Server VM Temurin-11.0.14.1+1 (11.0.14.1+1, mixed mode, tiered, compressed oops, g1 gc, windows-amd64)
Heap:
 garbage-first heap   total 155648K, used 62560K [0x0000000083a00000, 0x0000000100000000)
  region size 1024K, 27 young (27648K), 6 survivors (6144K)
 Metaspace       used 42678K, capacity 44440K, committed 44672K, reserved 1087488K
  class space    used 5446K, capacity 6198K, committed 6272K, reserved 1048576K
GC Heap History (20 events):
Event: 2.143 GC heap before
{Heap before GC invocations=4 (full 0):
 garbage-first heap   total 129024K, used 44708K [0x0000000083a00000, 0x0000000100000000)
  region size 1024K, 41 young (41984K), 3 survivors (3072K)
 Metaspace       used 34358K, capacity 35570K, committed 35584K, reserved 1079296K
  class space    used 4338K, capacity 4860K, committed 4864K, reserved 1048576K
}
Event: 2.151 GC heap after
{Heap after GC invocations=5 (full 0):
 garbage-first heap   total 129024K, used 13311K [0x0000000083a00000, 0x0000000100000000)
  region size 1024K, 7 young (7168K), 7 survivors (7168K)
 Metaspace       used 34358K, capacity 35570K, committed 35584K, reserved 1079296K
  class space    used 4338K, capacity 4860K, committed 4864K, reserved 1048576K
}
Event: 3.156 GC heap before
{Heap before GC invocations=6 (full 0):
 garbage-first heap   total 129024K, used 68607K [0x0000000083a00000, 0x0000000100000000)
  region size 1024K, 58 young (59392K), 7 survivors (7168K)
 Metaspace       used 41760K, capacity 43522K, committed 43776K, reserved 1087488K
  class space    used 5372K, capacity 6086K, committed 6144K, reserved 1048576K
}
Event: 3.165 GC heap after
{Heap after GC invocations=7 (full 0):
 garbage-first heap   total 129024K, used 27769K [0x0000000083a00000, 0x0000000100000000)
  region size 1024K, 8 young (8192K), 8 survivors (8192K)
 Metaspace       used 41760K, capacity 43522K, committed 43776K, reserved 1087488K
  class space    used 5372K, capacity 6086K, committed 6144K, reserved 1048576K
}
Event: 3.257 GC heap before
{Heap before GC invocations=7 (full 0):
 garbage-first heap   total 129024K, used 76921K [0x0000000083a00000, 0x0000000100000000)
  region size 1024K, 57 young (58368K), 8 survivors (8192K)
 Metaspace       used 42053K, capacity 43810K, committed 44032K, reserved 1087488K
  class space    used 5392K, capacity 6118K, committed 6144K, reserved 1048576K
}
Event: 3.262 GC heap after
{Heap after GC invocations=8 (full 0):
 garbage-first heap   total 129024K, used 30715K [0x0000000083a00000, 0x0000000100000000)
  region size 1024K, 3 young (3072K), 3 survivors (3072K)
 Metaspace       used 42053K, capacity 43810K, committed 44032K, reserved 1087488K
  class space    used 5392K, capacity 6118K, committed 6144K, reserved 1048576K
}
Event: 3.313 GC heap before
{Heap before GC invocations=8 (full 0):
 garbage-first heap   total 129024K, used 81915K [0x0000000083a00000, 0x0000000100000000)
  region size 1024K, 54 young (55296K), 3 survivors (3072K)
 Metaspace       used 42064K, capacity 43812K, committed 44032K, reserved 1087488K
  class space    used 5392K, capacity 6118K, committed 6144K, reserved 1048576K
}
Event: 3.315 GC heap after
{Heap after GC invocations=9 (full 0):
 garbage-first heap   total 129024K, used 31915K [0x0000000083a00000, 0x0000000100000000)
  region size 1024K, 4 young (4096K), 4 survivors (4096K)
 Metaspace       used 42064K, capacity 43812K, committed 44032K, reserved 1087488K
  class space    used 5392K, capacity 6118K, committed 6144K, reserved 1048576K
}
Event: 3.366 GC heap before
{Heap before GC invocations=9 (full 0):
 garbage-first heap   total 129024K, used 86187K [0x0000000083a00000, 0x0000000100000000)
  region size 1024K, 58 young (59392K), 4 survivors (4096K)
 Metaspace       used 42069K, capacity 43813K, committed 44032K, reserved 1087488K
  class space    used 5392K, capacity 6118K, committed 6144K, reserved 1048576K
}
Event: 3.368 GC heap after
{Heap after GC invocations=10 (full 0):
 garbage-first heap   total 129024K, used 33295K [0x0000000083a00000, 0x0000000100000000)
  region size 1024K, 5 young (5120K), 5 survivors (5120K)
 Metaspace       used 42069K, capacity 43813K, committed 44032K, reserved 1087488K
  class space    used 5392K, capacity 6118K, committed 6144K, reserved 1048576K
}
Event: 3.424 GC heap before
{Heap before GC invocations=10 (full 0):
 garbage-first heap   total 129024K, used 90639K [0x0000000083a00000, 0x0000000100000000)
  region size 1024K, 62 young (63488K), 5 survivors (5120K)
 Metaspace       used 42077K, capacity 43813K, committed 44032K, reserved 1087488K
  class space    used 5392K, capacity 6118K, committed 6144K, reserved 1048576K
}
Event: 3.427 GC heap after
{Heap after GC invocations=11 (full 0):
 garbage-first heap   total 129024K, used 34789K [0x0000000083a00000, 0x0000000100000000)
  region size 1024K, 5 young (5120K), 5 survivors (5120K)
 Metaspace       used 42077K, capacity 43813K, committed 44032K, reserved 1087488K
  class space    used 5392K, capacity 6118K, committed 6144K, reserved 1048576K
}
Event: 3.472 GC heap before
{Heap before GC invocations=11 (full 0):
 garbage-first heap   total 129024K, used 93157K [0x0000000083a00000, 0x0000000100000000)
  region size 1024K, 64 young (65536K), 5 survivors (5120K)
 Metaspace       used 42079K, capacity 43877K, committed 44032K, reserved 1087488K
  class space    used 5392K, capacity 6118K, committed 6144K, reserved 1048576K
}
Event: 3.474 GC heap after
{Heap after GC invocations=12 (full 0):
 garbage-first heap   total 129024K, used 36406K [0x0000000083a00000, 0x0000000100000000)
  region size 1024K, 5 young (5120K), 5 survivors (5120K)
 Metaspace       used 42079K, capacity 43877K, committed 44032K, reserved 1087488K
  class space    used 5392K, capacity 6118K, committed 6144K, reserved 1048576K
}
Event: 3.518 GC heap before
{Heap before GC invocations=12 (full 0):
 garbage-first heap   total 129024K, used 96822K [0x0000000083a00000, 0x0000000100000000)
  region size 1024K, 65 young (66560K), 5 survivors (5120K)
 Metaspace       used 42080K, capacity 43877K, committed 44032K, reserved 1087488K
  class space    used 5392K, capacity 6118K, committed 6144K, reserved 1048576K
}
Event: 3.521 GC heap after
{Heap after GC invocations=13 (full 0):
 garbage-first heap   total 129024K, used 38136K [0x0000000083a00000, 0x0000000100000000)
  region size 1024K, 7 young (7168K), 7 survivors (7168K)
 Metaspace       used 42080K, capacity 43877K, committed 44032K, reserved 1087488K
  class space    used 5392K, capacity 6118K, committed 6144K, reserved 1048576K
}
Event: 3.568 GC heap before
{Heap before GC invocations=13 (full 0):
 garbage-first heap   total 129024K, used 98552K [0x0000000083a00000, 0x0000000100000000)
  region size 1024K, 67 young (68608K), 7 survivors (7168K)
 Metaspace       used 42080K, capacity 43877K, committed 44032K, reserved 1087488K
  class space    used 5392K, capacity 6118K, committed 6144K, reserved 1048576K
}
Event: 3.573 GC heap after
{Heap after GC invocations=14 (full 0):
 garbage-first heap   total 155648K, used 40218K [0x0000000083a00000, 0x0000000100000000)
  region size 1024K, 6 young (6144K), 6 survivors (6144K)
 Metaspace       used 42080K, capacity 43877K, committed 44032K, reserved 1087488K
  class space    used 5392K, capacity 6118K, committed 6144K, reserved 1048576K
}
Event: 3.640 GC heap before
{Heap before GC invocations=14 (full 0):
 garbage-first heap   total 155648K, used 112922K [0x0000000083a00000, 0x0000000100000000)
  region size 1024K, 78 young (79872K), 6 survivors (6144K)
 Metaspace       used 42200K, capacity 43941K, committed 44032K, reserved 1087488K
  class space    used 5399K, capacity 6118K, committed 6144K, reserved 1048576K
}
Event: 3.643 GC heap after
{Heap after GC invocations=15 (full 0):
 garbage-first heap   total 155648K, used 42080K [0x0000000083a00000, 0x0000000100000000)
  region size 1024K, 6 young (6144K), 6 survivors (6144K)
 Metaspace       used 42200K, capacity 43941K, committed 44032K, reserved 1087488K
  class space    used 5399K, capacity 6118K, committed 6144K, reserved 1048576K
}

